<?xml version="1.0" encoding="UTF-8"?>
<!-- Generated by org.testng.reporters.JUnitReportReporter -->
<testsuite hostname="PGR" failures="0" tests="4" name="dd_Framework.DDF04DataDrivenUsingPOI" time="1.853" errors="0" timestamp="2025-07-24T01:58:49 IST" skipped="0">
  <testcase classname="dd_Framework.DDF04DataDrivenUsingPOI" name="practiceSiteLogin" time="0.299"/>
  <testcase classname="dd_Framework.DDF04DataDrivenUsingPOI" name="practiceSiteLogin" time="0.953"/>
  <testcase classname="dd_Framework.DDF04DataDrivenUsingPOI" name="practiceSiteLogin" time="0.289"/>
  <testcase classname="dd_Framework.DDF04DataDrivenUsingPOI" name="practiceSiteLogin" time="0.312"/>
</testsuite> <!-- dd_Framework.DDF04DataDrivenUsingPOI -->
