<?xml version="1.0" encoding="UTF-8"?>
<!-- Generated by org.testng.reporters.JUnitReportReporter -->
<testsuite hostname="PGR" failures="0" tests="4" name="dd_Framework.DDF_03_exccelInput" time="1.170" errors="0" timestamp="2025-07-23T11:25:14 IST" skipped="0">
  <testcase classname="dd_Framework.DDF_03_exccelInput" name="practiceSiteLogin" time="0.277"/>
  <testcase classname="dd_Framework.DDF_03_exccelInput" name="practiceSiteLogin" time="0.289"/>
  <testcase classname="dd_Framework.DDF_03_exccelInput" name="practiceSiteLogin" time="0.284"/>
  <testcase classname="dd_Framework.DDF_03_exccelInput" name="practiceSiteLogin" time="0.320"/>
</testsuite> <!-- dd_Framework.DDF_03_exccelInput -->
