<?xml version="1.0" encoding="UTF-8"?>
<!-- Generated by org.testng.reporters.JUnitReportReporter -->
<testsuite hostname="PGR" failures="0" tests="5" name="org.TestNGframework.TestNG02_Annotations" time="0.005" errors="0" timestamp="2025-07-23T17:04:27 IST" skipped="0">
  <testcase classname="org.TestNGframework.TestNG02_Annotations" name="testcase04" time="0.001"/>
  <testcase classname="org.TestNGframework.TestNG02_Annotations" name="testcase05" time="0.001"/>
  <testcase classname="org.TestNGframework.TestNG02_Annotations" name="testcase01" time="0.002"/>
  <testcase classname="org.TestNGframework.TestNG02_Annotations" name="testcase02" time="0.000"/>
  <testcase classname="org.TestNGframework.TestNG02_Annotations" name="testcase03" time="0.001"/>
</testsuite> <!-- org.TestNGframework.TestNG02_Annotations -->
