<?xml version="1.0" encoding="UTF-8"?>
<!-- Generated by org.testng.reporters.JUnitReportReporter -->
<testsuite hostname="PGR" failures="0" tests="9" name="dd_Framework.DDF_02" time="16.967" errors="0" timestamp="2025-07-23T11:25:14 IST" skipped="0">
  <testcase classname="dd_Framework.DDF_02" name="practiceSiteLogin" time="3.956"/>
  <testcase classname="dd_Framework.DDF_02" name="testcase04" time="0.001"/>
  <testcase classname="dd_Framework.DDF_02" name="practiceSiteLogin" time="4.953"/>
  <testcase classname="dd_Framework.DDF_02" name="practiceSiteLogin" time="4.145"/>
  <testcase classname="dd_Framework.DDF_02" name="testcase02" time="0.001"/>
  <testcase classname="dd_Framework.DDF_02" name="testcase01" time="0.001"/>
  <testcase classname="dd_Framework.DDF_02" name="testcase05" time="0.001"/>
  <testcase classname="dd_Framework.DDF_02" name="practiceSiteLogin" time="3.908"/>
  <testcase classname="dd_Framework.DDF_02" name="testcase03" time="0.001"/>
</testsuite> <!-- dd_Framework.DDF_02 -->
