<?xml version="1.0" encoding="UTF-8"?>
<!-- Generated by org.testng.reporters.JUnitReportReporter -->
<testsuite hostname="PGR" failures="0" tests="9" name="dd_Framework.DDF02_DataProvider" time="20.246" errors="0" timestamp="2025-07-23T17:04:27 IST" skipped="0">
  <testcase classname="dd_Framework.DDF02_DataProvider" name="practiceSiteLogin" time="4.876"/>
  <testcase classname="dd_Framework.DDF02_DataProvider" name="testcase01" time="0.003"/>
  <testcase classname="dd_Framework.DDF02_DataProvider" name="practiceSiteLogin" time="5.792"/>
  <testcase classname="dd_Framework.DDF02_DataProvider" name="testcase02" time="0.000"/>
  <testcase classname="dd_Framework.DDF02_DataProvider" name="practiceSiteLogin" time="4.596"/>
  <testcase classname="dd_Framework.DDF02_DataProvider" name="testcase04" time="0.000"/>
  <testcase classname="dd_Framework.DDF02_DataProvider" name="testcase05" time="0.000"/>
  <testcase classname="dd_Framework.DDF02_DataProvider" name="practiceSiteLogin" time="4.979"/>
  <testcase classname="dd_Framework.DDF02_DataProvider" name="testcase03" time="0.000"/>
</testsuite> <!-- dd_Framework.DDF02_DataProvider -->
