<?xml version="1.0" encoding="UTF-8"?>
<!-- Generated by org.testng.reporters.JUnitReportReporter -->
<testsuite hostname="PGR" failures="0" tests="1" name="dd_Framework.DDF01_Parameterisation" time="5.224" errors="0" timestamp="2025-07-23T17:04:27 IST" skipped="0">
  <testcase classname="dd_Framework.DDF01_Parameterisation" name="practiceSiteLogin" time="5.224"/>
</testsuite> <!-- dd_Framework.DDF01_Parameterisation -->
