<?xml version="1.0" encoding="UTF-8"?>
<!-- Generated by org.testng.reporters.JUnitReportReporter -->
<testsuite hostname="PGR" failures="0" tests="1" name="dd_Framework.DDF_01" time="4.402" errors="0" timestamp="2025-07-23T11:25:14 IST" skipped="0">
  <testcase classname="dd_Framework.DDF_01" name="practiceSiteLogin" time="4.402"/>
</testsuite> <!-- dd_Framework.DDF_01 -->
