<?xml version="1.0" encoding="UTF-8"?>
<!-- Generated by org.testng.reporters.JUnitReportReporter -->
<testsuite hostname="PGR" failures="0" tests="4" name="dd_Framework.DDF03_jxlDataDrivenexccelInput" time="0.923" errors="0" timestamp="2025-07-23T17:04:27 IST" skipped="0">
  <testcase classname="dd_Framework.DDF03_jxlDataDrivenexccelInput" name="practiceSiteLogin" time="0.209"/>
  <testcase classname="dd_Framework.DDF03_jxlDataDrivenexccelInput" name="practiceSiteLogin" time="0.270"/>
  <testcase classname="dd_Framework.DDF03_jxlDataDrivenexccelInput" name="practiceSiteLogin" time="0.246"/>
  <testcase classname="dd_Framework.DDF03_jxlDataDrivenexccelInput" name="practiceSiteLogin" time="0.198"/>
</testsuite> <!-- dd_Framework.DDF03_jxlDataDrivenexccelInput -->
