<?xml version="1.0" encoding="UTF-8"?>
<!-- Generated by org.testng.reporters.JUnitReportReporter -->
<testsuite hostname="PGR" failures="0" tests="1" name="org.PracticeSite.unittest.LoginTest" time="9.372" errors="0" timestamp="2025-07-29T16:32:44 IST" skipped="0">
  <testcase classname="org.PracticeSite.unittest.LoginTest" name="VerifyLoginTest" time="9.372"/>
</testsuite> <!-- org.PracticeSite.unittest.LoginTest -->
