<?xml version="1.0" encoding="UTF-8"?>
<!-- Generated by org.testng.reporters.JUnitReportReporter -->
<testsuite hostname="PGR" failures="0" tests="1" name="org.PracticeSite.unittest.TestLoginPageFactory" time="5.276" errors="0" timestamp="2025-07-26T18:42:48 IST" skipped="0">
  <testcase classname="org.PracticeSite.unittest.TestLoginPageFactory" name="VerifyLoginTest" time="5.276"/>
</testsuite> <!-- org.PracticeSite.unittest.TestLoginPageFactory -->
